2025-09-15 21:40:40,632 - root - INFO - Logging configuration complete
2025-09-15 21:40:40,642 - __main__ - INFO - Initializing Alert Triage System...
2025-09-15 21:40:40,642 - __main__ - INFO - Created 2 agents
2025-09-15 21:40:40,642 - coral_protocol.registry - INFO - Registered agent Alert Receiver (alert_receiver) with 2 capabilities
2025-09-15 21:40:40,642 - coral_protocol.agent_base - INFO - Agent Alert Receiver (alert_receiver) registered with Coral Protocol
2025-09-15 21:40:40,642 - coral_protocol.registry - INFO - Registered agent False Positive Checker (false_positive_checker) with 2 capabilities
2025-09-15 21:40:40,642 - coral_protocol.agent_base - INFO - Agent False Positive Checker (false_positive_checker) registered with Coral Protocol
2025-09-15 21:40:40,642 - __main__ - INFO - All agents registered with Coral Protocol
2025-09-15 21:40:40,642 - __main__ - INFO - Started message processing for 2 agents
2025-09-15 21:40:40,642 - __main__ - INFO - Alert Triage System initialized successfully!
2025-09-15 21:40:40,642 - __main__ - INFO - === Starting Alert Triage Demo ===
2025-09-15 21:40:40,642 - __main__ - INFO - Alert processing started with workflow ID: workflow_20250915_214040_ALT-2024-001
2025-09-15 21:40:40,642 - __main__ - INFO - Submitted alert ALT-2024-001 for processing (workflow: workflow_20250915_214040_ALT-2024-001)
2025-09-15 21:40:40,642 - __main__ - INFO - Alert processing started with workflow ID: workflow_20250915_214040_ALT-2024-002
2025-09-15 21:40:40,642 - __main__ - INFO - Submitted alert ALT-2024-002 for processing (workflow: workflow_20250915_214040_ALT-2024-002)
2025-09-15 21:40:40,642 - __main__ - INFO - Alert processing started with workflow ID: workflow_20250915_214040_ALT-2024-003
2025-09-15 21:40:40,642 - __main__ - INFO - Submitted alert ALT-2024-003 for processing (workflow: workflow_20250915_214040_ALT-2024-003)
2025-09-15 21:40:40,642 - __main__ - INFO - Alert processing started with workflow ID: workflow_20250915_214040_ALT-2024-004
2025-09-15 21:40:40,642 - __main__ - INFO - Submitted alert ALT-2024-004 for processing (workflow: workflow_20250915_214040_ALT-2024-004)
2025-09-15 21:40:40,648 - __main__ - INFO - Waiting for workflows to complete...
2025-09-15 21:40:40,648 - coral_protocol.agent_base - INFO - Starting message processing for agent Alert Receiver
2025-09-15 21:40:40,648 - coral_protocol.agent_base - INFO - Starting message processing for agent False Positive Checker
2025-09-15 21:40:40,648 - agents.alert_receiver - INFO - Processing incoming alert: ALT-2024-001
2025-09-15 21:40:40,649 - agents.alert_receiver - INFO - Alert ALT-2024-001 processed in 0.00s
2025-09-15 21:40:40,649 - agents.false_positive_checker - INFO - Analyzing false positive for alert: ALT-2024-001
2025-09-15 21:40:40,650 - coral_protocol.registry - ERROR - Failed to route message 38b767af-c2f9-45de-85f0-54eb60d5de2a: Failed to route message '38b767af-c2f9-45de-85f0-54eb60d5de2a' to agent 'severity_analyzer': Target agent not found
2025-09-15 21:40:40,650 - coral_protocol.agent_base - ERROR - Failed to send message 38b767af-c2f9-45de-85f0-54eb60d5de2a: Failed to route message '38b767af-c2f9-45de-85f0-54eb60d5de2a' to agent 'severity_analyzer': Failed to route message '38b767af-c2f9-45de-85f0-54eb60d5de2a' to agent 'severity_analyzer': Target agent not found
2025-09-15 21:40:40,650 - agents.false_positive_checker - ERROR - Error analyzing false positive: Failed to route message '38b767af-c2f9-45de-85f0-54eb60d5de2a' to agent 'severity_analyzer': Failed to route message '38b767af-c2f9-45de-85f0-54eb60d5de2a' to agent 'severity_analyzer': Target agent not found
2025-09-15 21:40:40,650 - agents.alert_receiver - INFO - Processing incoming alert: ALT-2024-002
2025-09-15 21:40:40,651 - agents.alert_receiver - INFO - Alert ALT-2024-002 processed in 0.00s
2025-09-15 21:40:40,652 - agents.false_positive_checker - INFO - Analyzing false positive for alert: ALT-2024-002
2025-09-15 21:40:40,652 - coral_protocol.registry - ERROR - Failed to route message 0a2e9969-853b-4bac-a9b6-a4b93581d8ed: Failed to route message '0a2e9969-853b-4bac-a9b6-a4b93581d8ed' to agent 'severity_analyzer': Target agent not found
2025-09-15 21:40:40,652 - coral_protocol.agent_base - ERROR - Failed to send message 0a2e9969-853b-4bac-a9b6-a4b93581d8ed: Failed to route message '0a2e9969-853b-4bac-a9b6-a4b93581d8ed' to agent 'severity_analyzer': Failed to route message '0a2e9969-853b-4bac-a9b6-a4b93581d8ed' to agent 'severity_analyzer': Target agent not found
2025-09-15 21:40:40,653 - agents.false_positive_checker - ERROR - Error analyzing false positive: Failed to route message '0a2e9969-853b-4bac-a9b6-a4b93581d8ed' to agent 'severity_analyzer': Failed to route message '0a2e9969-853b-4bac-a9b6-a4b93581d8ed' to agent 'severity_analyzer': Target agent not found
2025-09-15 21:40:40,653 - agents.alert_receiver - INFO - Processing incoming alert: ALT-2024-003
2025-09-15 21:40:40,653 - agents.alert_receiver - INFO - Alert ALT-2024-003 processed in 0.00s
2025-09-15 21:40:40,653 - agents.false_positive_checker - INFO - Analyzing false positive for alert: ALT-2024-003
2025-09-15 21:40:40,653 - coral_protocol.registry - ERROR - Failed to route message 7f4b5ea0-22d5-4f90-a518-7233cd496ab8: Failed to route message '7f4b5ea0-22d5-4f90-a518-7233cd496ab8' to agent 'severity_analyzer': Target agent not found
2025-09-15 21:40:40,653 - coral_protocol.agent_base - ERROR - Failed to send message 7f4b5ea0-22d5-4f90-a518-7233cd496ab8: Failed to route message '7f4b5ea0-22d5-4f90-a518-7233cd496ab8' to agent 'severity_analyzer': Failed to route message '7f4b5ea0-22d5-4f90-a518-7233cd496ab8' to agent 'severity_analyzer': Target agent not found
2025-09-15 21:40:40,653 - agents.false_positive_checker - ERROR - Error analyzing false positive: Failed to route message '7f4b5ea0-22d5-4f90-a518-7233cd496ab8' to agent 'severity_analyzer': Failed to route message '7f4b5ea0-22d5-4f90-a518-7233cd496ab8' to agent 'severity_analyzer': Target agent not found
2025-09-15 21:40:40,653 - agents.alert_receiver - INFO - Processing incoming alert: ALT-2024-004
2025-09-15 21:40:40,653 - agents.alert_receiver - INFO - Alert ALT-2024-004 processed in 0.00s
2025-09-15 21:40:40,653 - agents.false_positive_checker - INFO - Analyzing false positive for alert: ALT-2024-004
2025-09-15 21:40:40,653 - coral_protocol.registry - ERROR - Failed to route message 01b018a1-0172-45ca-8694-9e84a039d031: Failed to route message '01b018a1-0172-45ca-8694-9e84a039d031' to agent 'severity_analyzer': Target agent not found
2025-09-15 21:40:40,653 - coral_protocol.agent_base - ERROR - Failed to send message 01b018a1-0172-45ca-8694-9e84a039d031: Failed to route message '01b018a1-0172-45ca-8694-9e84a039d031' to agent 'severity_analyzer': Failed to route message '01b018a1-0172-45ca-8694-9e84a039d031' to agent 'severity_analyzer': Target agent not found
2025-09-15 21:40:40,653 - agents.false_positive_checker - ERROR - Error analyzing false positive: Failed to route message '01b018a1-0172-45ca-8694-9e84a039d031' to agent 'severity_analyzer': Failed to route message '01b018a1-0172-45ca-8694-9e84a039d031' to agent 'severity_analyzer': Target agent not found
2025-09-15 21:40:40,653 - coral_protocol.agent_base - ERROR - Received error message: {'error': "False positive analysis failed: Failed to route message '38b767af-c2f9-45de-85f0-54eb60d5de2a' to agent 'severity_analyzer': Failed to route message '38b767af-c2f9-45de-85f0-54eb60d5de2a' to agent 'severity_analyzer': Target agent not found", 'original_message_id': 'bcb86600-251a-4aea-bfea-8a58f2a36e8f'}
2025-09-15 21:40:40,653 - coral_protocol.agent_base - ERROR - Received error message: {'error': "False positive analysis failed: Failed to route message '0a2e9969-853b-4bac-a9b6-a4b93581d8ed' to agent 'severity_analyzer': Failed to route message '0a2e9969-853b-4bac-a9b6-a4b93581d8ed' to agent 'severity_analyzer': Target agent not found", 'original_message_id': 'd43428d3-cacd-45d0-b403-3a1f2168a263'}
2025-09-15 21:40:40,653 - coral_protocol.agent_base - ERROR - Received error message: {'error': "False positive analysis failed: Failed to route message '7f4b5ea0-22d5-4f90-a518-7233cd496ab8' to agent 'severity_analyzer': Failed to route message '7f4b5ea0-22d5-4f90-a518-7233cd496ab8' to agent 'severity_analyzer': Target agent not found", 'original_message_id': 'e5341f62-c546-4e40-838e-4c676c75d60b'}
2025-09-15 21:40:40,659 - coral_protocol.agent_base - ERROR - Received error message: {'error': "False positive analysis failed: Failed to route message '01b018a1-0172-45ca-8694-9e84a039d031' to agent 'severity_analyzer': Failed to route message '01b018a1-0172-45ca-8694-9e84a039d031' to agent 'severity_analyzer': Target agent not found", 'original_message_id': 'fa3f78e7-f138-4723-815e-368280f51bde'}
2025-09-15 21:40:50,658 - __main__ - INFO - Workflow workflow_20250915_214040_ALT-2024-001: 3 messages, 3 agents involved
2025-09-15 21:40:50,658 - __main__ - INFO - Workflow workflow_20250915_214040_ALT-2024-002: 3 messages, 3 agents involved
2025-09-15 21:40:50,659 - __main__ - INFO - Workflow workflow_20250915_214040_ALT-2024-003: 3 messages, 3 agents involved
2025-09-15 21:40:50,660 - __main__ - INFO - Workflow workflow_20250915_214040_ALT-2024-004: 3 messages, 3 agents involved
2025-09-15 21:40:50,660 - __main__ - INFO - System processed 12 messages
2025-09-15 21:40:50,660 - __main__ - INFO - System health: healthy
2025-09-15 21:40:50,660 - __main__ - INFO - === Demo completed successfully ===
2025-09-15 21:40:50,660 - __main__ - INFO - Starting system shutdown...
2025-09-15 21:40:50,660 - coral_protocol.agent_base - INFO - Shutting down agent Alert Receiver
2025-09-15 21:40:50,660 - coral_protocol.agent_base - INFO - Agent Alert Receiver shutdown complete
2025-09-15 21:40:50,660 - coral_protocol.agent_base - INFO - Shutting down agent False Positive Checker
2025-09-15 21:40:50,660 - coral_protocol.agent_base - INFO - Agent False Positive Checker shutdown complete
2025-09-15 21:40:50,660 - __main__ - INFO - System shutdown complete
2025-09-15 21:45:42,599 - root - INFO - Logging configuration complete
2025-09-15 21:45:42,599 - __main__ - INFO - Initializing Alert Triage System...
2025-09-15 21:45:42,599 - __main__ - INFO - Created 6 agents
2025-09-15 21:45:42,599 - coral_protocol.registry - INFO - Registered agent Alert Receiver (alert_receiver) with 2 capabilities
2025-09-15 21:45:42,599 - coral_protocol.agent_base - INFO - Agent Alert Receiver (alert_receiver) registered with Coral Protocol
2025-09-15 21:45:42,599 - coral_protocol.registry - INFO - Registered agent False Positive Checker (false_positive_checker) with 2 capabilities
2025-09-15 21:45:42,599 - coral_protocol.agent_base - INFO - Agent False Positive Checker (false_positive_checker) registered with Coral Protocol
2025-09-15 21:45:42,599 - coral_protocol.registry - INFO - Registered agent Severity Analyzer (severity_analyzer) with 2 capabilities
2025-09-15 21:45:42,599 - coral_protocol.agent_base - INFO - Agent Severity Analyzer (severity_analyzer) registered with Coral Protocol
2025-09-15 21:45:42,599 - coral_protocol.registry - INFO - Registered agent Context Gatherer (context_gatherer) with 2 capabilities
2025-09-15 21:45:42,599 - coral_protocol.agent_base - INFO - Agent Context Gatherer (context_gatherer) registered with Coral Protocol
2025-09-15 21:45:42,599 - coral_protocol.registry - INFO - Registered agent Response Coordinator (response_coordinator) with 2 capabilities
2025-09-15 21:45:42,599 - coral_protocol.agent_base - INFO - Agent Response Coordinator (response_coordinator) registered with Coral Protocol
2025-09-15 21:45:42,599 - coral_protocol.registry - INFO - Registered agent Workflow Orchestrator (workflow_orchestrator) with 2 capabilities
2025-09-15 21:45:42,599 - coral_protocol.agent_base - INFO - Agent Workflow Orchestrator (workflow_orchestrator) registered with Coral Protocol
2025-09-15 21:45:42,599 - __main__ - INFO - All agents registered with Coral Protocol
2025-09-15 21:45:42,599 - __main__ - INFO - Started message processing for 6 agents
2025-09-15 21:45:42,599 - __main__ - INFO - Alert Triage System initialized successfully!
2025-09-15 21:45:42,599 - __main__ - INFO - === Starting Alert Triage Demo ===
2025-09-15 21:45:42,599 - __main__ - INFO - Alert processing started with workflow ID: workflow_20250915_214542_ALT-2024-001
2025-09-15 21:45:42,599 - __main__ - INFO - Submitted alert ALT-2024-001 for processing (workflow: workflow_20250915_214542_ALT-2024-001)
2025-09-15 21:45:42,599 - __main__ - INFO - Alert processing started with workflow ID: workflow_20250915_214542_ALT-2024-002
2025-09-15 21:45:42,599 - __main__ - INFO - Submitted alert ALT-2024-002 for processing (workflow: workflow_20250915_214542_ALT-2024-002)
2025-09-15 21:45:42,608 - __main__ - INFO - Alert processing started with workflow ID: workflow_20250915_214542_ALT-2024-003
2025-09-15 21:45:42,608 - __main__ - INFO - Submitted alert ALT-2024-003 for processing (workflow: workflow_20250915_214542_ALT-2024-003)
2025-09-15 21:45:42,609 - __main__ - INFO - Alert processing started with workflow ID: workflow_20250915_214542_ALT-2024-004
2025-09-15 21:45:42,609 - __main__ - INFO - Submitted alert ALT-2024-004 for processing (workflow: workflow_20250915_214542_ALT-2024-004)
2025-09-15 21:45:42,609 - __main__ - INFO - Waiting for workflows to complete...
2025-09-15 21:45:42,610 - coral_protocol.agent_base - INFO - Starting message processing for agent Alert Receiver
2025-09-15 21:45:42,610 - coral_protocol.agent_base - INFO - Starting message processing for agent False Positive Checker
2025-09-15 21:45:42,610 - coral_protocol.agent_base - INFO - Starting message processing for agent Severity Analyzer
2025-09-15 21:45:42,611 - coral_protocol.agent_base - INFO - Starting message processing for agent Context Gatherer
2025-09-15 21:45:42,611 - coral_protocol.agent_base - INFO - Starting message processing for agent Response Coordinator
2025-09-15 21:45:42,612 - coral_protocol.agent_base - INFO - Starting message processing for agent Workflow Orchestrator
2025-09-15 21:45:42,612 - agents.alert_receiver - INFO - Processing incoming alert: ALT-2024-001
2025-09-15 21:45:42,612 - agents.alert_receiver - INFO - Alert ALT-2024-001 processed in 0.00s
2025-09-15 21:45:42,613 - agents.false_positive_checker - INFO - Analyzing false positive for alert: ALT-2024-001
2025-09-15 21:45:42,613 - agents.false_positive_checker - INFO - Alert ALT-2024-001 analysis complete: FP=False, confidence=0.08
2025-09-15 21:45:42,613 - agents.alert_receiver - INFO - Processing incoming alert: ALT-2024-002
2025-09-15 21:45:42,614 - agents.alert_receiver - INFO - Alert ALT-2024-002 processed in 0.00s
2025-09-15 21:45:42,614 - agents.severity_analyzer - INFO - Analyzing severity for alert: ALT-2024-001
2025-09-15 21:45:42,615 - agents.severity_analyzer - INFO - Alert ALT-2024-001 severity: critical (risk score: 7.00)
2025-09-15 21:45:42,615 - agents.false_positive_checker - INFO - Analyzing false positive for alert: ALT-2024-002
2025-09-15 21:45:42,616 - agents.false_positive_checker - INFO - Alert ALT-2024-002 analysis complete: FP=False, confidence=0.42
2025-09-15 21:45:42,616 - agents.alert_receiver - INFO - Processing incoming alert: ALT-2024-003
2025-09-15 21:45:42,617 - agents.alert_receiver - INFO - Alert ALT-2024-003 processed in 0.00s
2025-09-15 21:45:42,617 - agents.context_gatherer - INFO - Gathering context for alert: ALT-2024-001
2025-09-15 21:45:42,618 - agents.severity_analyzer - INFO - Analyzing severity for alert: ALT-2024-002
2025-09-15 21:45:42,618 - agents.severity_analyzer - INFO - Alert ALT-2024-002 severity: critical (risk score: 7.00)
2025-09-15 21:45:42,618 - agents.false_positive_checker - INFO - Analyzing false positive for alert: ALT-2024-003
2025-09-15 21:45:42,618 - agents.false_positive_checker - INFO - Alert ALT-2024-003 analysis complete: FP=False, confidence=0.39
2025-09-15 21:45:42,619 - agents.alert_receiver - INFO - Processing incoming alert: ALT-2024-004
2025-09-15 21:45:42,619 - agents.alert_receiver - INFO - Alert ALT-2024-004 processed in 0.00s
2025-09-15 21:45:42,619 - agents.severity_analyzer - INFO - Analyzing severity for alert: ALT-2024-003
2025-09-15 21:45:42,620 - agents.severity_analyzer - INFO - Alert ALT-2024-003 severity: high (risk score: 6.00)
2025-09-15 21:45:42,620 - agents.false_positive_checker - INFO - Analyzing false positive for alert: ALT-2024-004
2025-09-15 21:45:42,620 - agents.false_positive_checker - INFO - Alert ALT-2024-004 analysis complete: FP=False, confidence=0.43
2025-09-15 21:45:42,621 - agents.context_gatherer - WARNING - Context gathering task 1 failed: 'UserContext' object has no attribute 'to_dict'
2025-09-15 21:45:42,621 - agents.context_gatherer - INFO - Context gathering complete for alert ALT-2024-001
2025-09-15 21:45:42,621 - agents.severity_analyzer - INFO - Analyzing severity for alert: ALT-2024-004
2025-09-15 21:45:42,622 - agents.severity_analyzer - INFO - Alert ALT-2024-004 severity: medium (risk score: 4.00)
2025-09-15 21:45:42,622 - agents.response_coordinator - INFO - Coordinating response for alert: ALT-2024-001
2025-09-15 21:45:42,622 - agents.response_coordinator - INFO - Escalated alert ALT-2024-001 due to: external_threat, confirmed_malicious_indicator
2025-09-15 21:45:42,622 - agents.response_coordinator - INFO - Executing automated action: block_source_ip for alert ALT-2024-001
2025-09-15 21:45:42,622 - agents.response_coordinator - INFO - [AUTOMATION] Blocking IP address: 203.0.113.45
2025-09-15 21:45:42,624 - agents.response_coordinator - INFO - [SOAR] Creating incident ticket: INC-20250915-0001
2025-09-15 21:45:42,624 - agents.response_coordinator - INFO - Created incident ticket INC-20250915-0001 for alert ALT-2024-001
2025-09-15 21:45:42,624 - agents.response_coordinator - ERROR - Error coordinating response: 'IncidentTicket' object has no attribute 'to_dict'
2025-09-15 21:45:42,624 - agents.context_gatherer - INFO - Gathering context for alert: ALT-2024-002
2025-09-15 21:45:42,625 - agents.context_gatherer - WARNING - Context gathering task 1 failed: 'UserContext' object has no attribute 'to_dict'
2025-09-15 21:45:42,625 - agents.context_gatherer - INFO - Context gathering complete for alert ALT-2024-002
2025-09-15 21:45:42,625 - agents.response_coordinator - INFO - Coordinating response for alert: ALT-2024-002
2025-09-15 21:45:42,626 - agents.response_coordinator - INFO - Escalated alert ALT-2024-002 due to: active_campaign
2025-09-15 21:45:42,626 - agents.response_coordinator - INFO - Executing automated action: quarantine_file for alert ALT-2024-002
2025-09-15 21:45:42,626 - agents.response_coordinator - INFO - [AUTOMATION] Quarantining file: None
2025-09-15 21:45:42,627 - agents.response_coordinator - INFO - [SOAR] Creating incident ticket: INC-20250915-0002
2025-09-15 21:45:42,627 - agents.response_coordinator - INFO - Created incident ticket INC-20250915-0002 for alert ALT-2024-002
2025-09-15 21:45:42,627 - agents.response_coordinator - ERROR - Error coordinating response: 'IncidentTicket' object has no attribute 'to_dict'
2025-09-15 21:45:42,627 - agents.context_gatherer - INFO - Gathering context for alert: ALT-2024-003
2025-09-15 21:45:42,628 - agents.context_gatherer - WARNING - Context gathering task 1 failed: 'UserContext' object has no attribute 'to_dict'
2025-09-15 21:45:42,628 - agents.context_gatherer - INFO - Context gathering complete for alert ALT-2024-003
2025-09-15 21:45:42,628 - agents.response_coordinator - INFO - Coordinating response for alert: ALT-2024-003
2025-09-15 21:45:42,629 - agents.response_coordinator - INFO - Escalated alert ALT-2024-003 due to: active_campaign, data_exfiltration
2025-09-15 21:45:42,629 - agents.response_coordinator - INFO - [SOAR] Creating incident ticket: INC-20250915-0003
2025-09-15 21:45:42,629 - agents.response_coordinator - INFO - Created incident ticket INC-20250915-0003 for alert ALT-2024-003
2025-09-15 21:45:42,629 - agents.response_coordinator - ERROR - Error coordinating response: 'IncidentTicket' object has no attribute 'to_dict'
2025-09-15 21:45:42,630 - agents.context_gatherer - INFO - Gathering context for alert: ALT-2024-004
2025-09-15 21:45:42,630 - agents.context_gatherer - WARNING - Context gathering task 1 failed: 'UserContext' object has no attribute 'to_dict'
2025-09-15 21:45:42,630 - agents.context_gatherer - INFO - Context gathering complete for alert ALT-2024-004
2025-09-15 21:45:42,631 - agents.response_coordinator - INFO - Coordinating response for alert: ALT-2024-004
2025-09-15 21:45:42,631 - agents.response_coordinator - INFO - Escalated alert ALT-2024-004 due to: active_campaign
2025-09-15 21:45:42,632 - agents.response_coordinator - INFO - Executing automated action: quarantine_file for alert ALT-2024-004
2025-09-15 21:45:42,632 - agents.response_coordinator - INFO - [AUTOMATION] Quarantining file: /tmp/eicar_test_file
2025-09-15 21:45:42,632 - agents.response_coordinator - INFO - [SOAR] Creating incident ticket: INC-20250915-0004
2025-09-15 21:45:42,632 - agents.response_coordinator - INFO - Created incident ticket INC-20250915-0004 for alert ALT-2024-004
2025-09-15 21:45:42,632 - agents.response_coordinator - ERROR - Error coordinating response: 'IncidentTicket' object has no attribute 'to_dict'
2025-09-15 21:45:42,632 - coral_protocol.agent_base - ERROR - Received error message: {'error': "Response coordination failed: 'IncidentTicket' object has no attribute 'to_dict'", 'original_message_id': '6e3d4777-d5b5-4b5e-acc4-58bda5a6c4fe'}
2025-09-15 21:45:42,632 - coral_protocol.agent_base - ERROR - Received error message: {'error': "Response coordination failed: 'IncidentTicket' object has no attribute 'to_dict'", 'original_message_id': '4af7e2e1-55b2-4fc3-b467-9971b1bf6df1'}
2025-09-15 21:45:42,632 - coral_protocol.agent_base - ERROR - Received error message: {'error': "Response coordination failed: 'IncidentTicket' object has no attribute 'to_dict'", 'original_message_id': '12290ab4-d0b8-463d-a0b8-7f33460d9840'}
2025-09-15 21:45:42,632 - coral_protocol.agent_base - ERROR - Received error message: {'error': "Response coordination failed: 'IncidentTicket' object has no attribute 'to_dict'", 'original_message_id': '6f207186-4480-4c67-8753-367c7fef7ccc'}
2025-09-15 21:45:52,618 - __main__ - INFO - Workflow workflow_20250915_214542_ALT-2024-001: 6 messages, 6 agents involved
2025-09-15 21:45:52,619 - __main__ - INFO - Workflow workflow_20250915_214542_ALT-2024-002: 6 messages, 6 agents involved
2025-09-15 21:45:52,619 - __main__ - INFO - Workflow workflow_20250915_214542_ALT-2024-003: 6 messages, 6 agents involved
2025-09-15 21:45:52,620 - __main__ - INFO - Workflow workflow_20250915_214542_ALT-2024-004: 6 messages, 6 agents involved
2025-09-15 21:45:52,620 - __main__ - INFO - System processed 24 messages
2025-09-15 21:45:52,621 - __main__ - INFO - System health: healthy
2025-09-15 21:45:52,621 - __main__ - INFO - === Demo completed successfully ===
2025-09-15 21:45:52,621 - __main__ - INFO - Starting system shutdown...
2025-09-15 21:45:52,622 - coral_protocol.agent_base - INFO - Shutting down agent Alert Receiver
2025-09-15 21:45:52,622 - coral_protocol.agent_base - INFO - Agent Alert Receiver shutdown complete
2025-09-15 21:45:52,622 - coral_protocol.agent_base - INFO - Shutting down agent False Positive Checker
2025-09-15 21:45:52,622 - coral_protocol.agent_base - INFO - Agent False Positive Checker shutdown complete
2025-09-15 21:45:52,622 - coral_protocol.agent_base - INFO - Shutting down agent Severity Analyzer
2025-09-15 21:45:52,622 - coral_protocol.agent_base - INFO - Agent Severity Analyzer shutdown complete
2025-09-15 21:45:52,622 - coral_protocol.agent_base - INFO - Shutting down agent Context Gatherer
2025-09-15 21:45:52,622 - coral_protocol.agent_base - INFO - Agent Context Gatherer shutdown complete
2025-09-15 21:45:52,622 - coral_protocol.agent_base - INFO - Shutting down agent Response Coordinator
2025-09-15 21:45:52,622 - coral_protocol.agent_base - INFO - Agent Response Coordinator shutdown complete
2025-09-15 21:45:52,625 - coral_protocol.agent_base - INFO - Shutting down agent Workflow Orchestrator
2025-09-15 21:45:52,625 - coral_protocol.agent_base - INFO - Agent Workflow Orchestrator shutdown complete
2025-09-15 21:45:52,625 - __main__ - INFO - System shutdown complete
2025-09-15 21:53:42,061 - root - INFO - Logging configuration complete
2025-09-15 21:53:42,061 - __main__ - INFO - Initializing Alert Triage System...
2025-09-15 21:53:42,061 - __main__ - INFO - Created 6 agents
2025-09-15 21:53:42,061 - coral_protocol.registry - INFO - Registered agent Alert Receiver (alert_receiver) with 2 capabilities
2025-09-15 21:53:42,061 - coral_protocol.agent_base - INFO - Agent Alert Receiver (alert_receiver) registered with Coral Protocol
2025-09-15 21:53:42,061 - coral_protocol.registry - INFO - Registered agent False Positive Checker (false_positive_checker) with 2 capabilities
2025-09-15 21:53:42,061 - coral_protocol.agent_base - INFO - Agent False Positive Checker (false_positive_checker) registered with Coral Protocol
2025-09-15 21:53:42,061 - coral_protocol.registry - INFO - Registered agent Severity Analyzer (severity_analyzer) with 2 capabilities
2025-09-15 21:53:42,061 - coral_protocol.agent_base - INFO - Agent Severity Analyzer (severity_analyzer) registered with Coral Protocol
2025-09-15 21:53:42,061 - coral_protocol.registry - INFO - Registered agent Context Gatherer (context_gatherer) with 2 capabilities
2025-09-15 21:53:42,061 - coral_protocol.agent_base - INFO - Agent Context Gatherer (context_gatherer) registered with Coral Protocol
2025-09-15 21:53:42,061 - coral_protocol.registry - INFO - Registered agent Response Coordinator (response_coordinator) with 2 capabilities
2025-09-15 21:53:42,061 - coral_protocol.agent_base - INFO - Agent Response Coordinator (response_coordinator) registered with Coral Protocol
2025-09-15 21:53:42,061 - coral_protocol.registry - INFO - Registered agent Workflow Orchestrator (workflow_orchestrator) with 2 capabilities
2025-09-15 21:53:42,061 - coral_protocol.agent_base - INFO - Agent Workflow Orchestrator (workflow_orchestrator) registered with Coral Protocol
2025-09-15 21:53:42,061 - __main__ - INFO - All agents registered with Coral Protocol
2025-09-15 21:53:42,061 - __main__ - INFO - Started message processing for 6 agents
2025-09-15 21:53:42,061 - __main__ - INFO - Alert Triage System initialized successfully!
2025-09-15 21:53:42,061 - __main__ - INFO - Alert Triage System is running...
2025-09-15 21:53:42,061 - coral_protocol.agent_base - INFO - Starting message processing for agent Alert Receiver
2025-09-15 21:53:42,067 - coral_protocol.agent_base - INFO - Starting message processing for agent False Positive Checker
2025-09-15 21:53:42,068 - coral_protocol.agent_base - INFO - Starting message processing for agent Severity Analyzer
2025-09-15 21:53:42,068 - coral_protocol.agent_base - INFO - Starting message processing for agent Context Gatherer
2025-09-15 21:53:42,069 - coral_protocol.agent_base - INFO - Starting message processing for agent Response Coordinator
2025-09-15 21:53:42,069 - coral_protocol.agent_base - INFO - Starting message processing for agent Workflow Orchestrator
2025-09-15 21:56:56,841 - root - INFO - Logging configuration complete
2025-09-15 21:56:56,841 - __main__ - INFO - Initializing Alert Triage System...
2025-09-15 21:56:56,841 - __main__ - INFO - Created 6 agents
2025-09-15 21:56:56,841 - coral_protocol.registry - INFO - Registered agent Alert Receiver (alert_receiver) with 2 capabilities
2025-09-15 21:56:56,841 - coral_protocol.agent_base - INFO - Agent Alert Receiver (alert_receiver) registered with Coral Protocol
2025-09-15 21:56:56,841 - coral_protocol.registry - INFO - Registered agent False Positive Checker (false_positive_checker) with 2 capabilities
2025-09-15 21:56:56,844 - coral_protocol.agent_base - INFO - Agent False Positive Checker (false_positive_checker) registered with Coral Protocol
2025-09-15 21:56:56,844 - coral_protocol.registry - INFO - Registered agent Severity Analyzer (severity_analyzer) with 2 capabilities
2025-09-15 21:56:56,844 - coral_protocol.agent_base - INFO - Agent Severity Analyzer (severity_analyzer) registered with Coral Protocol
2025-09-15 21:56:56,844 - coral_protocol.registry - INFO - Registered agent Context Gatherer (context_gatherer) with 2 capabilities
2025-09-15 21:56:56,844 - coral_protocol.agent_base - INFO - Agent Context Gatherer (context_gatherer) registered with Coral Protocol
2025-09-15 21:56:56,844 - coral_protocol.registry - INFO - Registered agent Response Coordinator (response_coordinator) with 2 capabilities
2025-09-15 21:56:56,844 - coral_protocol.agent_base - INFO - Agent Response Coordinator (response_coordinator) registered with Coral Protocol
2025-09-15 21:56:56,844 - coral_protocol.registry - INFO - Registered agent Workflow Orchestrator (workflow_orchestrator) with 2 capabilities
2025-09-15 21:56:56,844 - coral_protocol.agent_base - INFO - Agent Workflow Orchestrator (workflow_orchestrator) registered with Coral Protocol
2025-09-15 21:56:56,844 - __main__ - INFO - All agents registered with Coral Protocol
2025-09-15 21:56:56,844 - __main__ - INFO - Started message processing for 6 agents
2025-09-15 21:56:56,844 - __main__ - INFO - Alert Triage System initialized successfully!
2025-09-15 21:56:56,844 - __main__ - INFO - === Starting Alert Triage Demo ===
2025-09-15 21:56:56,844 - __main__ - INFO - Alert processing started with workflow ID: workflow_20250915_215656_ALT-2024-001
2025-09-15 21:56:56,844 - __main__ - INFO - Submitted alert ALT-2024-001 for processing (workflow: workflow_20250915_215656_ALT-2024-001)
2025-09-15 21:56:56,844 - __main__ - INFO - Alert processing started with workflow ID: workflow_20250915_215656_ALT-2024-002
2025-09-15 21:56:56,844 - __main__ - INFO - Submitted alert ALT-2024-002 for processing (workflow: workflow_20250915_215656_ALT-2024-002)
2025-09-15 21:56:56,844 - __main__ - INFO - Alert processing started with workflow ID: workflow_20250915_215656_ALT-2024-003
2025-09-15 21:56:56,848 - __main__ - INFO - Submitted alert ALT-2024-003 for processing (workflow: workflow_20250915_215656_ALT-2024-003)
2025-09-15 21:56:56,848 - __main__ - INFO - Alert processing started with workflow ID: workflow_20250915_215656_ALT-2024-004
2025-09-15 21:56:56,848 - __main__ - INFO - Submitted alert ALT-2024-004 for processing (workflow: workflow_20250915_215656_ALT-2024-004)
2025-09-15 21:56:56,849 - __main__ - INFO - Waiting for workflows to complete...
2025-09-15 21:56:56,850 - coral_protocol.agent_base - INFO - Starting message processing for agent Alert Receiver
2025-09-15 21:56:56,850 - coral_protocol.agent_base - INFO - Starting message processing for agent False Positive Checker
2025-09-15 21:56:56,851 - coral_protocol.agent_base - INFO - Starting message processing for agent Severity Analyzer
2025-09-15 21:56:56,851 - coral_protocol.agent_base - INFO - Starting message processing for agent Context Gatherer
2025-09-15 21:56:56,851 - coral_protocol.agent_base - INFO - Starting message processing for agent Response Coordinator
2025-09-15 21:56:56,852 - coral_protocol.agent_base - INFO - Starting message processing for agent Workflow Orchestrator
2025-09-15 21:56:56,852 - agents.alert_receiver - INFO - Processing incoming alert: ALT-2024-001
2025-09-15 21:56:56,852 - agents.alert_receiver - INFO - Alert ALT-2024-001 processed in 0.00s
2025-09-15 21:56:56,853 - agents.false_positive_checker - INFO - Analyzing false positive for alert: ALT-2024-001
2025-09-15 21:56:56,853 - agents.false_positive_checker - INFO - Alert ALT-2024-001 analysis complete: FP=False, confidence=0.07
2025-09-15 21:56:56,853 - agents.alert_receiver - INFO - Processing incoming alert: ALT-2024-002
2025-09-15 21:56:56,853 - agents.alert_receiver - INFO - Alert ALT-2024-002 processed in 0.00s
2025-09-15 21:56:56,853 - agents.severity_analyzer - INFO - Analyzing severity for alert: ALT-2024-001
2025-09-15 21:56:56,856 - agents.severity_analyzer - INFO - Alert ALT-2024-001 severity: critical (risk score: 7.00)
2025-09-15 21:56:56,856 - agents.false_positive_checker - INFO - Analyzing false positive for alert: ALT-2024-002
2025-09-15 21:56:56,856 - agents.false_positive_checker - INFO - Alert ALT-2024-002 analysis complete: FP=False, confidence=0.42
2025-09-15 21:56:56,857 - agents.alert_receiver - INFO - Processing incoming alert: ALT-2024-003
2025-09-15 21:56:56,857 - agents.alert_receiver - INFO - Alert ALT-2024-003 processed in 0.00s
2025-09-15 21:56:56,857 - agents.context_gatherer - INFO - Gathering context for alert: ALT-2024-001
2025-09-15 21:56:56,858 - agents.severity_analyzer - INFO - Analyzing severity for alert: ALT-2024-002
2025-09-15 21:56:56,859 - agents.severity_analyzer - INFO - Alert ALT-2024-002 severity: critical (risk score: 7.00)
2025-09-15 21:56:56,859 - agents.false_positive_checker - INFO - Analyzing false positive for alert: ALT-2024-003
2025-09-15 21:56:56,859 - agents.false_positive_checker - INFO - Alert ALT-2024-003 analysis complete: FP=False, confidence=0.41
2025-09-15 21:56:56,859 - agents.alert_receiver - INFO - Processing incoming alert: ALT-2024-004
2025-09-15 21:56:56,860 - agents.alert_receiver - INFO - Alert ALT-2024-004 processed in 0.00s
2025-09-15 21:56:56,860 - agents.severity_analyzer - INFO - Analyzing severity for alert: ALT-2024-003
2025-09-15 21:56:56,861 - agents.severity_analyzer - INFO - Alert ALT-2024-003 severity: high (risk score: 6.00)
2025-09-15 21:56:56,861 - agents.false_positive_checker - INFO - Analyzing false positive for alert: ALT-2024-004
2025-09-15 21:56:56,861 - agents.false_positive_checker - INFO - Alert ALT-2024-004 analysis complete: FP=False, confidence=0.46
2025-09-15 21:56:56,861 - agents.context_gatherer - INFO - Context gathering complete for alert ALT-2024-001
2025-09-15 21:56:56,861 - agents.severity_analyzer - INFO - Analyzing severity for alert: ALT-2024-004
2025-09-15 21:56:56,861 - agents.severity_analyzer - INFO - Alert ALT-2024-004 severity: medium (risk score: 4.00)
2025-09-15 21:56:56,863 - agents.response_coordinator - INFO - Coordinating response for alert: ALT-2024-001
2025-09-15 21:56:56,863 - agents.response_coordinator - INFO - Escalated alert ALT-2024-001 due to: external_threat, confirmed_malicious_indicator
2025-09-15 21:56:56,863 - agents.response_coordinator - INFO - Executing automated action: block_source_ip for alert ALT-2024-001
2025-09-15 21:56:56,863 - agents.response_coordinator - INFO - [AUTOMATION] Blocking IP address: 203.0.113.45
2025-09-15 21:56:56,864 - agents.response_coordinator - INFO - [SOAR] Creating incident ticket: INC-20250915-0001
2025-09-15 21:56:56,864 - agents.response_coordinator - INFO - Created incident ticket INC-20250915-0001 for alert ALT-2024-001
2025-09-15 21:56:56,865 - agents.response_coordinator - INFO - Completed workflow for alert ALT-2024-001
2025-09-15 21:56:56,865 - agents.response_coordinator - INFO - Response coordination complete for alert ALT-2024-001: 8 actions, assigned to incident_commander
2025-09-15 21:56:56,865 - agents.context_gatherer - INFO - Gathering context for alert: ALT-2024-002
2025-09-15 21:56:56,866 - agents.workflow_orchestrator - WARNING - Received completion for unknown workflow: workflow_20250915_215656_ALT-2024-001
2025-09-15 21:56:56,866 - agents.context_gatherer - INFO - Context gathering complete for alert ALT-2024-002
2025-09-15 21:56:56,866 - agents.response_coordinator - INFO - Coordinating response for alert: ALT-2024-002
2025-09-15 21:56:56,867 - agents.response_coordinator - INFO - Escalated alert ALT-2024-002 due to: active_campaign
2025-09-15 21:56:56,867 - agents.response_coordinator - INFO - Executing automated action: quarantine_file for alert ALT-2024-002
2025-09-15 21:56:56,867 - agents.response_coordinator - INFO - [AUTOMATION] Quarantining file: None
2025-09-15 21:56:56,867 - agents.response_coordinator - INFO - [SOAR] Creating incident ticket: INC-20250915-0002
2025-09-15 21:56:56,868 - agents.response_coordinator - INFO - Created incident ticket INC-20250915-0002 for alert ALT-2024-002
2025-09-15 21:56:56,868 - agents.response_coordinator - INFO - Completed workflow for alert ALT-2024-002
2025-09-15 21:56:56,868 - agents.response_coordinator - INFO - Response coordination complete for alert ALT-2024-002: 6 actions, assigned to incident_commander
2025-09-15 21:56:56,868 - agents.context_gatherer - INFO - Gathering context for alert: ALT-2024-003
2025-09-15 21:56:56,868 - agents.workflow_orchestrator - WARNING - Received completion for unknown workflow: workflow_20250915_215656_ALT-2024-002
2025-09-15 21:56:56,868 - agents.context_gatherer - INFO - Context gathering complete for alert ALT-2024-003
2025-09-15 21:56:56,868 - agents.response_coordinator - INFO - Coordinating response for alert: ALT-2024-003
2025-09-15 21:56:56,869 - agents.response_coordinator - INFO - Escalated alert ALT-2024-003 due to: active_campaign, data_exfiltration
2025-09-15 21:56:56,869 - agents.response_coordinator - INFO - [SOAR] Creating incident ticket: INC-20250915-0003
2025-09-15 21:56:56,869 - agents.response_coordinator - INFO - Created incident ticket INC-20250915-0003 for alert ALT-2024-003
2025-09-15 21:56:56,869 - agents.response_coordinator - INFO - Completed workflow for alert ALT-2024-003
2025-09-15 21:56:56,869 - agents.response_coordinator - INFO - Response coordination complete for alert ALT-2024-003: 7 actions, assigned to senior_analyst
2025-09-15 21:56:56,869 - agents.context_gatherer - INFO - Gathering context for alert: ALT-2024-004
2025-09-15 21:56:56,869 - agents.workflow_orchestrator - WARNING - Received completion for unknown workflow: workflow_20250915_215656_ALT-2024-003
2025-09-15 21:56:56,869 - agents.context_gatherer - INFO - Context gathering complete for alert ALT-2024-004
2025-09-15 21:56:56,869 - agents.response_coordinator - INFO - Coordinating response for alert: ALT-2024-004
2025-09-15 21:56:56,869 - agents.response_coordinator - INFO - Escalated alert ALT-2024-004 due to: active_campaign
2025-09-15 21:56:56,869 - agents.response_coordinator - INFO - Executing automated action: quarantine_file for alert ALT-2024-004
2025-09-15 21:56:56,869 - agents.response_coordinator - INFO - [AUTOMATION] Quarantining file: /tmp/eicar_test_file
2025-09-15 21:56:56,869 - agents.response_coordinator - INFO - [SOAR] Creating incident ticket: INC-20250915-0004
2025-09-15 21:56:56,869 - agents.response_coordinator - INFO - Created incident ticket INC-20250915-0004 for alert ALT-2024-004
2025-09-15 21:56:56,873 - agents.response_coordinator - INFO - Completed workflow for alert ALT-2024-004
2025-09-15 21:56:56,873 - agents.response_coordinator - INFO - Response coordination complete for alert ALT-2024-004: 6 actions, assigned to tier2_analyst
2025-09-15 21:56:56,873 - agents.workflow_orchestrator - WARNING - Received completion for unknown workflow: workflow_20250915_215656_ALT-2024-004
2025-09-15 21:57:06,861 - __main__ - INFO - Workflow workflow_20250915_215656_ALT-2024-001: 6 messages, 7 agents involved
2025-09-15 21:57:06,861 - __main__ - INFO - Workflow workflow_20250915_215656_ALT-2024-002: 6 messages, 7 agents involved
2025-09-15 21:57:06,861 - __main__ - INFO - Workflow workflow_20250915_215656_ALT-2024-003: 6 messages, 7 agents involved
2025-09-15 21:57:06,861 - __main__ - INFO - Workflow workflow_20250915_215656_ALT-2024-004: 6 messages, 7 agents involved
2025-09-15 21:57:06,863 - __main__ - INFO - System processed 24 messages
2025-09-15 21:57:06,863 - __main__ - INFO - System health: healthy
2025-09-15 21:57:06,863 - __main__ - INFO - === Demo completed successfully ===
2025-09-15 21:57:06,863 - __main__ - INFO - Starting system shutdown...
2025-09-15 21:57:06,863 - coral_protocol.agent_base - INFO - Shutting down agent Alert Receiver
2025-09-15 21:57:06,863 - coral_protocol.agent_base - INFO - Agent Alert Receiver shutdown complete
2025-09-15 21:57:06,863 - coral_protocol.agent_base - INFO - Shutting down agent False Positive Checker
2025-09-15 21:57:06,863 - coral_protocol.agent_base - INFO - Agent False Positive Checker shutdown complete
2025-09-15 21:57:06,863 - coral_protocol.agent_base - INFO - Shutting down agent Severity Analyzer
2025-09-15 21:57:06,863 - coral_protocol.agent_base - INFO - Agent Severity Analyzer shutdown complete
2025-09-15 21:57:06,863 - coral_protocol.agent_base - INFO - Shutting down agent Context Gatherer
2025-09-15 21:57:06,863 - coral_protocol.agent_base - INFO - Agent Context Gatherer shutdown complete
2025-09-15 21:57:06,868 - coral_protocol.agent_base - INFO - Shutting down agent Response Coordinator
2025-09-15 21:57:06,868 - coral_protocol.agent_base - INFO - Agent Response Coordinator shutdown complete
2025-09-15 21:57:06,868 - coral_protocol.agent_base - INFO - Shutting down agent Workflow Orchestrator
2025-09-15 21:57:06,869 - coral_protocol.agent_base - INFO - Agent Workflow Orchestrator shutdown complete
2025-09-15 21:57:06,869 - __main__ - INFO - System shutdown complete
2025-09-15 22:18:19,884 - __main__ - INFO - Received signal 2, initiating shutdown...
2025-09-15 22:18:19,886 - __main__ - INFO - Starting system shutdown...
2025-09-15 22:18:19,886 - coral_protocol.agent_base - INFO - Shutting down agent Alert Receiver
2025-09-15 22:18:19,890 - coral_protocol.agent_base - INFO - Agent Alert Receiver shutdown complete
2025-09-15 22:18:19,890 - coral_protocol.agent_base - INFO - Shutting down agent False Positive Checker
2025-09-15 22:18:19,892 - coral_protocol.agent_base - INFO - Agent False Positive Checker shutdown complete
2025-09-15 22:18:19,894 - coral_protocol.agent_base - INFO - Shutting down agent Severity Analyzer
2025-09-15 22:18:19,899 - coral_protocol.agent_base - INFO - Agent Severity Analyzer shutdown complete
2025-09-15 22:18:19,899 - coral_protocol.agent_base - INFO - Shutting down agent Context Gatherer
2025-09-15 22:18:19,901 - coral_protocol.agent_base - INFO - Agent Context Gatherer shutdown complete
2025-09-15 22:18:19,901 - coral_protocol.agent_base - INFO - Shutting down agent Response Coordinator
2025-09-15 22:18:19,903 - coral_protocol.agent_base - INFO - Agent Response Coordinator shutdown complete
2025-09-15 22:18:19,907 - coral_protocol.agent_base - INFO - Shutting down agent Workflow Orchestrator
2025-09-15 22:18:19,913 - coral_protocol.agent_base - INFO - Agent Workflow Orchestrator shutdown complete
2025-09-15 22:18:19,917 - __main__ - INFO - System shutdown complete
2025-09-15 22:18:20,287 - __main__ - INFO - Starting system shutdown...
2025-09-15 22:18:20,289 - coral_protocol.agent_base - INFO - Shutting down agent Alert Receiver
2025-09-15 22:18:20,289 - coral_protocol.agent_base - INFO - Agent Alert Receiver shutdown complete
2025-09-15 22:18:20,289 - coral_protocol.agent_base - INFO - Shutting down agent False Positive Checker
2025-09-15 22:18:20,289 - coral_protocol.agent_base - INFO - Agent False Positive Checker shutdown complete
2025-09-15 22:18:20,289 - coral_protocol.agent_base - INFO - Shutting down agent Severity Analyzer
2025-09-15 22:18:20,295 - coral_protocol.agent_base - INFO - Agent Severity Analyzer shutdown complete
2025-09-15 22:18:20,297 - coral_protocol.agent_base - INFO - Shutting down agent Context Gatherer
2025-09-15 22:18:20,297 - coral_protocol.agent_base - INFO - Agent Context Gatherer shutdown complete
2025-09-15 22:18:20,297 - coral_protocol.agent_base - INFO - Shutting down agent Response Coordinator
2025-09-15 22:18:20,297 - coral_protocol.agent_base - INFO - Agent Response Coordinator shutdown complete
2025-09-15 22:18:20,303 - coral_protocol.agent_base - INFO - Shutting down agent Workflow Orchestrator
2025-09-15 22:18:20,303 - coral_protocol.agent_base - INFO - Agent Workflow Orchestrator shutdown complete
2025-09-15 22:18:20,303 - __main__ - INFO - System shutdown complete
2025-09-15 22:18:20,303 - __main__ - INFO - Starting system shutdown...
2025-09-15 22:18:20,303 - coral_protocol.agent_base - INFO - Shutting down agent Alert Receiver
2025-09-15 22:18:20,303 - coral_protocol.agent_base - INFO - Agent Alert Receiver shutdown complete
2025-09-15 22:18:20,303 - coral_protocol.agent_base - INFO - Shutting down agent False Positive Checker
2025-09-15 22:18:20,303 - coral_protocol.agent_base - INFO - Agent False Positive Checker shutdown complete
2025-09-15 22:18:20,314 - coral_protocol.agent_base - INFO - Shutting down agent Severity Analyzer
2025-09-15 22:18:20,316 - coral_protocol.agent_base - INFO - Agent Severity Analyzer shutdown complete
2025-09-15 22:18:20,316 - coral_protocol.agent_base - INFO - Shutting down agent Context Gatherer
2025-09-15 22:18:20,318 - coral_protocol.agent_base - INFO - Agent Context Gatherer shutdown complete
2025-09-15 22:18:20,320 - coral_protocol.agent_base - INFO - Shutting down agent Response Coordinator
2025-09-15 22:18:20,322 - coral_protocol.agent_base - INFO - Agent Response Coordinator shutdown complete
2025-09-15 22:18:20,322 - coral_protocol.agent_base - INFO - Shutting down agent Workflow Orchestrator
2025-09-15 22:18:20,324 - coral_protocol.agent_base - INFO - Agent Workflow Orchestrator shutdown complete
2025-09-15 22:18:20,326 - __main__ - INFO - System shutdown complete
2025-09-15 22:26:53,859 - root - INFO - Logging configuration complete
2025-09-15 22:26:53,859 - __main__ - INFO - Initializing Alert Triage System...
2025-09-15 22:26:53,859 - __main__ - INFO - Created 6 agents
2025-09-15 22:26:53,871 - coral_protocol.registry - INFO - Registered agent Alert Receiver (alert_receiver) with 2 capabilities
2025-09-15 22:26:53,871 - coral_protocol.agent_base - INFO - Agent Alert Receiver (alert_receiver) registered with Coral Protocol
2025-09-15 22:26:53,871 - coral_protocol.registry - INFO - Registered agent False Positive Checker (false_positive_checker) with 2 capabilities
2025-09-15 22:26:53,873 - coral_protocol.agent_base - INFO - Agent False Positive Checker (false_positive_checker) registered with Coral Protocol
2025-09-15 22:26:53,873 - coral_protocol.registry - INFO - Registered agent Severity Analyzer (severity_analyzer) with 2 capabilities
2025-09-15 22:26:53,875 - coral_protocol.agent_base - INFO - Agent Severity Analyzer (severity_analyzer) registered with Coral Protocol
2025-09-15 22:26:53,877 - coral_protocol.registry - INFO - Registered agent Context Gatherer (context_gatherer) with 2 capabilities
2025-09-15 22:26:53,886 - coral_protocol.agent_base - INFO - Agent Context Gatherer (context_gatherer) registered with Coral Protocol
2025-09-15 22:26:53,886 - coral_protocol.registry - INFO - Registered agent Response Coordinator (response_coordinator) with 2 capabilities
2025-09-15 22:26:53,888 - coral_protocol.agent_base - INFO - Agent Response Coordinator (response_coordinator) registered with Coral Protocol
2025-09-15 22:26:53,889 - coral_protocol.registry - INFO - Registered agent Workflow Orchestrator (workflow_orchestrator) with 2 capabilities
2025-09-15 22:26:53,891 - coral_protocol.agent_base - INFO - Agent Workflow Orchestrator (workflow_orchestrator) registered with Coral Protocol
2025-09-15 22:26:53,893 - __main__ - INFO - All agents registered with Coral Protocol
2025-09-15 22:26:53,895 - __main__ - INFO - Started message processing for 6 agents
2025-09-15 22:26:53,896 - __main__ - INFO - Alert Triage System initialized successfully!
2025-09-15 22:26:53,896 - __main__ - INFO - Alert Triage System is running...
2025-09-15 22:26:53,898 - coral_protocol.agent_base - INFO - Starting message processing for agent Alert Receiver
2025-09-15 22:26:53,901 - coral_protocol.agent_base - INFO - Starting message processing for agent False Positive Checker
2025-09-15 22:26:53,902 - coral_protocol.agent_base - INFO - Starting message processing for agent Severity Analyzer
2025-09-15 22:26:53,903 - coral_protocol.agent_base - INFO - Starting message processing for agent Context Gatherer
2025-09-15 22:26:53,904 - coral_protocol.agent_base - INFO - Starting message processing for agent Response Coordinator
2025-09-15 22:26:53,905 - coral_protocol.agent_base - INFO - Starting message processing for agent Workflow Orchestrator
2025-09-15 22:33:17,951 - __main__ - INFO - Received signal 2, initiating shutdown...
2025-09-15 22:33:17,954 - __main__ - INFO - Starting system shutdown...
2025-09-15 22:33:17,956 - coral_protocol.agent_base - INFO - Shutting down agent Alert Receiver
2025-09-15 22:33:17,958 - coral_protocol.agent_base - INFO - Agent Alert Receiver shutdown complete
2025-09-15 22:33:17,958 - coral_protocol.agent_base - INFO - Shutting down agent False Positive Checker
2025-09-15 22:33:17,960 - coral_protocol.agent_base - INFO - Agent False Positive Checker shutdown complete
2025-09-15 22:33:17,960 - coral_protocol.agent_base - INFO - Shutting down agent Severity Analyzer
2025-09-15 22:33:17,961 - coral_protocol.agent_base - INFO - Agent Severity Analyzer shutdown complete
2025-09-15 22:33:17,964 - coral_protocol.agent_base - INFO - Shutting down agent Context Gatherer
2025-09-15 22:33:17,965 - coral_protocol.agent_base - INFO - Agent Context Gatherer shutdown complete
2025-09-15 22:33:17,965 - coral_protocol.agent_base - INFO - Shutting down agent Response Coordinator
2025-09-15 22:33:17,965 - coral_protocol.agent_base - INFO - Agent Response Coordinator shutdown complete
2025-09-15 22:33:17,965 - coral_protocol.agent_base - INFO - Shutting down agent Workflow Orchestrator
2025-09-15 22:33:17,967 - coral_protocol.agent_base - INFO - Agent Workflow Orchestrator shutdown complete
2025-09-15 22:33:17,968 - __main__ - INFO - System shutdown complete
2025-09-15 22:33:18,943 - __main__ - INFO - Starting system shutdown...
2025-09-15 22:33:18,944 - coral_protocol.agent_base - INFO - Shutting down agent Alert Receiver
2025-09-15 22:33:18,944 - coral_protocol.agent_base - INFO - Agent Alert Receiver shutdown complete
2025-09-15 22:33:18,947 - coral_protocol.agent_base - INFO - Shutting down agent False Positive Checker
2025-09-15 22:33:18,947 - coral_protocol.agent_base - INFO - Agent False Positive Checker shutdown complete
2025-09-15 22:33:18,949 - coral_protocol.agent_base - INFO - Shutting down agent Severity Analyzer
2025-09-15 22:33:18,951 - coral_protocol.agent_base - INFO - Agent Severity Analyzer shutdown complete
2025-09-15 22:33:18,953 - coral_protocol.agent_base - INFO - Shutting down agent Context Gatherer
2025-09-15 22:33:18,955 - coral_protocol.agent_base - INFO - Agent Context Gatherer shutdown complete
2025-09-15 22:33:18,958 - coral_protocol.agent_base - INFO - Shutting down agent Response Coordinator
2025-09-15 22:33:18,958 - coral_protocol.agent_base - INFO - Agent Response Coordinator shutdown complete
2025-09-15 22:33:18,958 - coral_protocol.agent_base - INFO - Shutting down agent Workflow Orchestrator
2025-09-15 22:33:18,960 - coral_protocol.agent_base - INFO - Agent Workflow Orchestrator shutdown complete
2025-09-15 22:33:18,960 - __main__ - INFO - System shutdown complete
2025-09-15 22:33:18,963 - __main__ - INFO - Starting system shutdown...
2025-09-15 22:33:18,965 - coral_protocol.agent_base - INFO - Shutting down agent Alert Receiver
2025-09-15 22:33:18,965 - coral_protocol.agent_base - INFO - Agent Alert Receiver shutdown complete
2025-09-15 22:33:18,965 - coral_protocol.agent_base - INFO - Shutting down agent False Positive Checker
2025-09-15 22:33:18,965 - coral_protocol.agent_base - INFO - Agent False Positive Checker shutdown complete
2025-09-15 22:33:18,977 - coral_protocol.agent_base - INFO - Shutting down agent Severity Analyzer
2025-09-15 22:33:18,977 - coral_protocol.agent_base - INFO - Agent Severity Analyzer shutdown complete
2025-09-15 22:33:18,979 - coral_protocol.agent_base - INFO - Shutting down agent Context Gatherer
2025-09-15 22:33:18,979 - coral_protocol.agent_base - INFO - Agent Context Gatherer shutdown complete
2025-09-15 22:33:18,980 - coral_protocol.agent_base - INFO - Shutting down agent Response Coordinator
2025-09-15 22:33:18,980 - coral_protocol.agent_base - INFO - Agent Response Coordinator shutdown complete
2025-09-15 22:33:18,981 - coral_protocol.agent_base - INFO - Shutting down agent Workflow Orchestrator
2025-09-15 22:33:18,983 - coral_protocol.agent_base - INFO - Agent Workflow Orchestrator shutdown complete
2025-09-15 22:33:18,984 - __main__ - INFO - System shutdown complete
